<?xml version="1.0" encoding="UTF-8"?>
<robot generator="Robot 7.1.1 (Python 3.11.9 on win32)" generated="2024-12-31T08:55:34.315655" rpa="false" schemaversion="5">
<suite id="s1" name="login testXLSX" source="C:\Users\Admin\PycharmProjects\DataDriven-RobotFramework\datadriven\testcases\login_testXLSX.robot">
<kw name="Initializing the browser" owner="loginKeyword" type="SETUP">
<kw name="Open Browser" owner="SeleniumLibrary">
<msg time="2024-12-31T08:55:36.939411" level="INFO">Opening browser 'chrome' to base url 'https://practicetestautomation.com/practice-test-login/'.</msg>
<arg>${url}</arg>
<arg>${browser}</arg>
<doc>Opens a new browser instance to the optional ``url``.</doc>
<status status="PASS" start="2024-12-31T08:55:36.939411" elapsed="3.410871"/>
</kw>
<arg>${url}</arg>
<arg>${browser}</arg>
<status status="PASS" start="2024-12-31T08:55:36.938482" elapsed="3.413276"/>
</kw>
<test id="s1-t1" name="Valid ScenarioXLSX" line="14">
<kw name="Scenarios">
<kw name="verifying the availablity of input elements" owner="loginKeyword">
<kw name="Page Should Contain Element" owner="SeleniumLibrary">
<msg time="2024-12-31T08:55:40.367219" level="INFO">Current page contains element 'id:username'.</msg>
<arg>${ele1}</arg>
<doc>Verifies that element ``locator`` is found on the current page.</doc>
<status status="PASS" start="2024-12-31T08:55:40.355317" elapsed="0.011902"/>
</kw>
<kw name="Page Should Contain Element" owner="SeleniumLibrary">
<msg time="2024-12-31T08:55:40.376003" level="INFO">Current page contains element 'id:password'.</msg>
<arg>${ele2}</arg>
<doc>Verifies that element ``locator`` is found on the current page.</doc>
<status status="PASS" start="2024-12-31T08:55:40.367219" elapsed="0.008784"/>
</kw>
<status status="PASS" start="2024-12-31T08:55:40.355317" elapsed="0.020686"/>
</kw>
<kw name="signing into the application" owner="loginKeyword">
<kw name="Input Text" owner="SeleniumLibrary">
<msg time="2024-12-31T08:55:40.377075" level="INFO">Typing text 'student' into text field 'id:username'.</msg>
<arg>${ele1}</arg>
<arg>${username}</arg>
<doc>Types the given ``text`` into the text field identified by ``locator``.</doc>
<status status="PASS" start="2024-12-31T08:55:40.377075" elapsed="0.076350"/>
</kw>
<kw name="Input Text" owner="SeleniumLibrary">
<msg time="2024-12-31T08:55:40.454425" level="INFO">Typing text 'Password123' into text field 'id:password'.</msg>
<arg>${ele2}</arg>
<arg>${password}</arg>
<doc>Types the given ``text`` into the text field identified by ``locator``.</doc>
<status status="PASS" start="2024-12-31T08:55:40.453425" elapsed="0.078861"/>
</kw>
<kw name="Click Element" owner="SeleniumLibrary">
<msg time="2024-12-31T08:55:40.532286" level="INFO">Clicking element 'id:submit'.</msg>
<arg>${ele3}</arg>
<doc>Click the element identified by ``locator``.</doc>
<status status="PASS" start="2024-12-31T08:55:40.532286" elapsed="0.671216"/>
</kw>
<arg>${username}</arg>
<arg>${password}</arg>
<status status="PASS" start="2024-12-31T08:55:40.376003" elapsed="0.827499"/>
</kw>
<kw name="verifiying the title of the page" owner="loginKeyword">
<kw name="Title Should Be" owner="SeleniumLibrary">
<msg time="2024-12-31T08:55:41.209330" level="INFO">Page title is 'Logged In Successfully | Practice Test Automation'.</msg>
<arg>Logged In Successfully | Practice Test Automation</arg>
<doc>Verifies that the current page title equals ``title``.</doc>
<status status="PASS" start="2024-12-31T08:55:41.204507" elapsed="0.005827"/>
</kw>
<status status="PASS" start="2024-12-31T08:55:41.203502" elapsed="0.006832"/>
</kw>
<arg>username=student</arg>
<arg>password=Password123</arg>
<status status="PASS" start="2024-12-31T08:55:40.354316" elapsed="0.856018"/>
</kw>
<status status="PASS" start="2024-12-31T08:55:40.351758" elapsed="0.858576"/>
</test>
<kw name="disconnecting the browser" owner="loginKeyword" type="TEARDOWN">
<kw name="Close All Browsers" owner="SeleniumLibrary">
<doc>Closes all open browsers and resets the browser cache.</doc>
<status status="PASS" start="2024-12-31T08:55:41.211339" elapsed="2.133603"/>
</kw>
<status status="PASS" start="2024-12-31T08:55:41.211339" elapsed="2.134626"/>
</kw>
<status status="PASS" start="2024-12-31T08:55:34.317838" elapsed="9.028127"/>
</suite>
<statistics>
<total>
<stat pass="1" fail="0" skip="0">All Tests</stat>
</total>
<tag>
</tag>
<suite>
<stat pass="1" fail="0" skip="0" id="s1" name="login testXLSX">login testXLSX</stat>
</suite>
</statistics>
<errors>
</errors>
</robot>
